[2021-04-20T07:21:01.731Z] [MASTER] [[32minfo[39m]: 🔻🔻🔻🔻🔻🔻🔻🔻🔻🔻🔻🔻
[2021-04-20T07:21:01.736Z] [MASTER] [[32minfo[39m]: 🚩 Server is Running at << http://127.0.0.1:3000 >>
[2021-04-20T07:21:01.737Z] [MASTER] [[32minfo[39m]: 🔺🔺🔺🔺🔺🔺🔺🔺🔺🔺🔺🔺
[2021-04-20T07:21:12.425Z] [MASTER] [[32minfo[39m]: 🔻🔻🔻🔻🔻🔻🔻🔻🔻🔻🔻🔻
[2021-04-20T07:21:12.431Z] [MASTER] [[32minfo[39m]: 
[2021-04-20T07:21:12.432Z] [MASTER] [[32minfo[39m]: 🚩 Server is Running at << http://127.0.0.1:3000 >>
[2021-04-20T07:21:12.433Z] [MASTER] [[32minfo[39m]: 
[2021-04-20T07:21:12.434Z] [MASTER] [[32minfo[39m]: 🔺🔺🔺🔺🔺🔺🔺🔺🔺🔺🔺🔺
[2021-04-20T10:28:45.060Z] [MASTER] [[32minfo[39m]: 🔻🔻🔻🔻🔻🔻🔻🔻🔻🔻🔻🔻
[2021-04-20T10:28:45.063Z] [MASTER] [[32minfo[39m]: 
[2021-04-20T10:28:45.063Z] [MASTER] [[32minfo[39m]: 🚩 Server is Running at << http://127.0.0.1:3000 >>
[2021-04-20T10:28:45.064Z] [MASTER] [[32minfo[39m]: 
[2021-04-20T10:28:45.064Z] [MASTER] [[32minfo[39m]: 🔺🔺🔺🔺🔺🔺🔺🔺🔺🔺🔺🔺
[2021-04-20T10:28:56.345Z] [MASTER] [[32minfo[39m]: check
[2021-04-20T10:30:28.908Z] [MASTER] [[32minfo[39m]: check
[2021-04-20T10:31:48.464Z] [MASTER] [[32minfo[39m]: check
[2021-04-20T10:53:17.010Z] [MASTER] [[32minfo[39m]: 🔻🔻🔻🔻🔻🔻🔻🔻🔻🔻🔻🔻
[2021-04-20T10:53:17.013Z] [MASTER] [[32minfo[39m]: 
[2021-04-20T10:53:17.013Z] [MASTER] [[32minfo[39m]: 🚩 Server is Running at << http://127.0.0.1:3000 >>
[2021-04-20T10:53:17.014Z] [MASTER] [[32minfo[39m]: 
[2021-04-20T10:53:17.014Z] [MASTER] [[32minfo[39m]: 🔺🔺🔺🔺🔺🔺🔺🔺🔺🔺🔺🔺
[2021-04-20T10:53:19.119Z] [MASTER] [[32minfo[39m]: check
[2021-04-20T10:54:52.008Z] [MASTER] [[32minfo[39m]: check
[2021-04-20T10:55:17.177Z] [MASTER] [[32minfo[39m]: check
[2021-04-20T10:55:45.004Z] [MASTER] [[32minfo[39m]: check
[2021-04-20T11:06:08.631Z] [MASTER] [[32minfo[39m]: check
[2021-04-20T11:09:22.201Z] [MASTER] [[32minfo[39m]: check
[2021-04-20T11:10:11.376Z] [MASTER] [[32minfo[39m]: check
[2021-04-20T11:10:41.109Z] [MASTER] [[32minfo[39m]: check
[2021-04-20T11:10:42.213Z] [MASTER] [[32minfo[39m]: check
[2021-04-20T11:13:35.259Z] [MASTER] [[32minfo[39m]: check
[2021-04-20T11:14:20.683Z] [MASTER] [[32minfo[39m]: check
[2021-04-20T11:15:16.591Z] [MASTER] [[32minfo[39m]: check
[2021-04-20T11:16:59.066Z] [MASTER] [[32minfo[39m]: check
[2021-04-20T11:18:02.089Z] [MASTER] [[32minfo[39m]: check
[2021-04-20T11:18:33.942Z] [MASTER] [[32minfo[39m]: check
[2021-04-20T11:19:45.329Z] [MASTER] [[32minfo[39m]: check
[2021-04-20T11:20:02.011Z] [MASTER] [[32minfo[39m]: check
[2021-04-20T11:20:39.850Z] [MASTER] [[32minfo[39m]: check
[2021-04-20T11:21:05.669Z] [MASTER] [[32minfo[39m]: check
[2021-04-20T11:23:52.038Z] [MASTER] [[32minfo[39m]: check
[2021-04-20T11:26:51.646Z] [MASTER] [[32minfo[39m]: check
[2021-04-20T11:29:29.769Z] [MASTER] [[32minfo[39m]: check
[2021-04-20T11:29:44.202Z] [MASTER] [[32minfo[39m]: check
[2021-04-20T11:31:12.524Z] [MASTER] [[32minfo[39m]: check
[2021-04-20T11:32:20.744Z] [MASTER] [[32minfo[39m]: check
[2021-04-20T11:33:00.840Z] [MASTER] [[32minfo[39m]: check
[2021-04-20T11:33:43.221Z] [MASTER] [[32minfo[39m]: check
[2021-04-20T11:35:13.073Z] [MASTER] [[32minfo[39m]: check
[2021-04-20T11:35:56.567Z] [MASTER] [[32minfo[39m]: check
[2021-04-20T11:36:14.964Z] [MASTER] [[32minfo[39m]: check
[2021-04-20T11:36:33.014Z] [MASTER] [[32minfo[39m]: check
[2021-04-20T11:37:09.763Z] [MASTER] [[32minfo[39m]: check
[2021-04-20T11:38:02.739Z] [MASTER] [[32minfo[39m]: check
[2021-04-20T11:38:21.699Z] [MASTER] [[32minfo[39m]: check
[2021-04-20T11:41:11.880Z] [MASTER] [[32minfo[39m]: check
[2021-04-20T11:41:34.098Z] [MASTER] [[32minfo[39m]: check
[2021-04-20T11:41:43.192Z] [MASTER] [[32minfo[39m]: check
[2021-04-20T11:41:44.473Z] [MASTER] [[32minfo[39m]: check
[2021-04-20T11:42:06.260Z] [MASTER] [[32minfo[39m]: check
[2021-04-20T11:42:07.000Z] [MASTER] [[32minfo[39m]: check
[2021-04-20T11:42:07.640Z] [MASTER] [[32minfo[39m]: check
[2021-04-20T11:42:13.220Z] [MASTER] [[32minfo[39m]: check
[2021-04-20T11:42:13.615Z] [MASTER] [[32minfo[39m]: check
[2021-04-20T11:42:39.464Z] [MASTER] [[32minfo[39m]: check
[2021-04-20T11:43:22.570Z] [MASTER] [[32minfo[39m]: check
[2021-04-20T11:44:35.887Z] [MASTER] [[32minfo[39m]: check
[2021-04-20T11:44:42.614Z] [MASTER] [[32minfo[39m]: check
[2021-04-20T11:45:18.259Z] [MASTER] [[32minfo[39m]: check
[2021-04-20T11:46:08.262Z] [MASTER] [[32minfo[39m]: check
[2021-04-20T11:46:16.078Z] [MASTER] [[32minfo[39m]: check
[2021-04-20T11:46:52.116Z] [MASTER] [[32minfo[39m]: check
[2021-04-20T11:46:59.721Z] [MASTER] [[32minfo[39m]: check
[2021-04-20T11:47:13.999Z] [MASTER] [[32minfo[39m]: check
[2021-04-20T11:47:14.463Z] [MASTER] [[32minfo[39m]: check
[2021-04-20T11:48:21.114Z] [MASTER] [[32minfo[39m]: check
[2021-04-20T11:48:21.357Z] [MASTER] [[32minfo[39m]: check
[2021-04-20T11:48:49.501Z] [MASTER] [[32minfo[39m]: check
[2021-04-20T11:48:50.717Z] [MASTER] [[32minfo[39m]: check
[2021-04-20T11:49:09.607Z] [MASTER] [[32minfo[39m]: check
[2021-04-20T11:49:17.951Z] [MASTER] [[32minfo[39m]: check
[2021-04-20T11:49:24.011Z] [MASTER] [[32minfo[39m]: check
[2021-04-20T11:49:49.361Z] [MASTER] [[32minfo[39m]: check
[2021-04-20T11:50:01.782Z] [MASTER] [[32minfo[39m]: check
[2021-04-20T11:50:48.326Z] [MASTER] [[32minfo[39m]: check
[2021-04-20T11:50:49.751Z] [MASTER] [[32minfo[39m]: check
[2021-04-20T11:51:39.535Z] [MASTER] [[32minfo[39m]: check
[2021-04-20T11:52:10.202Z] [MASTER] [[32minfo[39m]: check
[2021-04-20T11:52:35.969Z] [MASTER] [[32minfo[39m]: check
[2021-04-20T11:54:00.924Z] [MASTER] [[32minfo[39m]: check
[2021-04-20T11:54:10.137Z] [MASTER] [[32minfo[39m]: check
[2021-04-20T11:54:37.993Z] [MASTER] [[32minfo[39m]: check
[2021-04-20T11:55:39.750Z] [MASTER] [[32minfo[39m]: check
[2021-04-20T11:55:50.736Z] [MASTER] [[32minfo[39m]: check
[2021-04-20T11:56:44.979Z] [MASTER] [[32minfo[39m]: check
[2021-04-20T11:56:46.132Z] [MASTER] [[32minfo[39m]: check
[2021-04-20T11:58:31.480Z] [MASTER] [[32minfo[39m]: check
[2021-04-20T11:59:07.665Z] [MASTER] [[32minfo[39m]: check
[2021-04-20T11:59:47.721Z] [MASTER] [[32minfo[39m]: check
[2021-04-20T11:59:54.535Z] [MASTER] [[32minfo[39m]: check
[2021-04-20T12:00:19.000Z] [MASTER] [[32minfo[39m]: check
[2021-04-20T12:00:53.788Z] [MASTER] [[32minfo[39m]: check
[2021-04-20T12:01:50.646Z] [MASTER] [[32minfo[39m]: check
